2023-03-19 01:57:26,083 root INFO this is one dimensional array
2023-03-19 01:57:59,268 parso.python.diff DEBUG diff parser start
2023-03-19 01:57:59,268 parso.python.diff DEBUG line_lengths old: 3; new: 2
2023-03-19 01:57:59,268 parso.python.diff DEBUG -> code[replace] old[1:3] new[1:2]
2023-03-19 01:57:59,269 parso.python.diff DEBUG parse_part from 1 to 2 (to 1 in part parser)
2023-03-19 01:57:59,269 parso.python.diff DEBUG diff parser end
2023-03-19 01:58:54,323 root INFO thisis two dimensional array
2023-03-19 01:59:13,180 root INFO thisis two dimensional array
2023-03-19 01:59:58,930 root INFO this is two dimensional array
2023-03-19 02:00:07,775 root INFO this is two dimensional array
2023-03-19 02:00:14,122 parso.python.diff DEBUG diff parser start
2023-03-19 02:00:14,122 parso.python.diff DEBUG line_lengths old: 2; new: 1
2023-03-19 02:00:14,122 parso.python.diff DEBUG -> code[replace] old[1:2] new[1:1]
2023-03-19 02:00:14,123 parso.python.diff DEBUG parse_part from 1 to 1 (to 0 in part parser)
2023-03-19 02:00:14,123 parso.python.diff DEBUG diff parser end
2023-03-19 02:00:48,355 parso.python.diff DEBUG diff parser start
2023-03-19 02:00:48,355 parso.python.diff DEBUG line_lengths old: 1; new: 2
2023-03-19 02:00:48,355 parso.python.diff DEBUG -> code[insert] old[1:0] new[1:1]
2023-03-19 02:00:48,356 parso.python.diff DEBUG parse_part from 1 to 1 (to 1 in part parser)
2023-03-19 02:00:48,356 parso.python.diff DEBUG -> code[equal] old[1:1] new[2:2]
2023-03-19 02:00:48,356 parso.python.diff DEBUG parse_part from 2 to 2 (to 1 in part parser)
2023-03-19 02:00:48,356 parso.python.diff DEBUG diff parser end
2023-03-19 02:00:55,552 parso.python.diff DEBUG diff parser start
2023-03-19 02:00:55,552 parso.python.diff DEBUG line_lengths old: 2; new: 2
2023-03-19 02:00:55,552 parso.python.diff DEBUG -> code[equal] old[1:1] new[1:1]
2023-03-19 02:00:55,552 parso.python.diff DEBUG copy old[1:1] new[1:1]
2023-03-19 02:00:55,552 parso.python.diff DEBUG -> code[replace] old[2:2] new[2:2]
2023-03-19 02:00:55,552 parso.python.diff DEBUG parse_part from 2 to 2 (to 1 in part parser)
2023-03-19 02:00:55,553 parso.python.diff DEBUG diff parser end
2023-03-19 02:00:57,602 parso.python.diff DEBUG diff parser start
2023-03-19 02:00:57,603 parso.python.diff DEBUG line_lengths old: 2; new: 2
2023-03-19 02:00:57,603 parso.python.diff DEBUG -> code[equal] old[1:1] new[1:1]
2023-03-19 02:00:57,603 parso.python.diff DEBUG copy old[1:1] new[1:1]
2023-03-19 02:00:57,603 parso.python.diff DEBUG -> code[replace] old[2:2] new[2:2]
2023-03-19 02:00:57,603 parso.python.diff DEBUG parse_part from 2 to 2 (to 1 in part parser)
2023-03-19 02:00:57,603 parso.python.diff DEBUG diff parser end
2023-03-19 02:01:23,981 parso.python.diff DEBUG diff parser start
2023-03-19 02:01:23,982 parso.python.diff DEBUG line_lengths old: 2; new: 1
2023-03-19 02:01:23,982 parso.python.diff DEBUG -> code[replace] old[1:2] new[1:1]
2023-03-19 02:01:23,982 parso.python.diff DEBUG parse_part from 1 to 1 (to 0 in part parser)
2023-03-19 02:01:23,982 parso.python.diff DEBUG diff parser end
2023-03-19 02:01:26,724 parso.python.diff DEBUG diff parser start
2023-03-19 02:01:26,724 parso.python.diff DEBUG line_lengths old: 1; new: 1
2023-03-19 02:01:26,724 parso.python.diff DEBUG -> code[replace] old[1:1] new[1:1]
2023-03-19 02:01:26,724 parso.python.diff DEBUG parse_part from 1 to 1 (to 0 in part parser)
2023-03-19 02:01:26,724 parso.python.diff DEBUG diff parser end
2023-03-19 02:01:48,611 root INFO btoh are generate array
2023-03-19 02:02:04,463 parso.python.diff DEBUG diff parser start
2023-03-19 02:02:04,463 parso.python.diff DEBUG line_lengths old: 1; new: 3
2023-03-19 02:02:04,463 parso.python.diff DEBUG -> code[replace] old[1:1] new[1:3]
2023-03-19 02:02:04,464 parso.python.diff DEBUG parse_part from 1 to 3 (to 2 in part parser)
2023-03-19 02:02:04,464 parso.python.diff DEBUG diff parser end
2023-03-19 02:02:35,005 parso.python.diff DEBUG diff parser start
2023-03-19 02:02:35,005 parso.python.diff DEBUG line_lengths old: 3; new: 1
2023-03-19 02:02:35,005 parso.python.diff DEBUG -> code[replace] old[1:3] new[1:1]
2023-03-19 02:02:35,006 parso.python.diff DEBUG parse_part from 1 to 1 (to 0 in part parser)
2023-03-19 02:02:35,006 parso.python.diff DEBUG diff parser end
2023-03-19 02:02:54,791 parso.python.diff DEBUG diff parser start
2023-03-19 02:02:54,792 parso.python.diff DEBUG line_lengths old: 1; new: 1
2023-03-19 02:02:54,792 parso.python.diff DEBUG -> code[replace] old[1:1] new[1:1]
2023-03-19 02:02:54,792 parso.python.diff DEBUG parse_part from 1 to 1 (to 0 in part parser)
2023-03-19 02:02:54,792 parso.python.diff DEBUG diff parser end
2023-03-19 02:03:42,002 root INFO this is sub class not chanfge in as asarray becouse is already in array
2023-03-19 02:05:07,750 root INFO this is one dimensional array
2023-03-19 02:05:07,750 root INFO array is the super class of numpy
2023-03-19 02:05:08,130 root INFO this is two dimensional array
2023-03-19 02:05:08,803 root INFO btoh are generate array
2023-03-19 02:05:10,032 root INFO this is sub class not chanfge in as asarray becouse is already in array
2023-03-19 02:10:44,913 root INFO this is one dimensional array
2023-03-19 02:10:44,914 root INFO array is the super class of numpy
2023-03-19 02:10:45,440 root INFO this is two dimensional array
2023-03-19 02:10:46,111 root INFO btoh are generate array
2023-03-19 02:10:47,002 root INFO this is sub class not chanfge in as asarray becouse is already in array
2023-03-19 02:11:36,670 parso.python.diff DEBUG diff parser start
2023-03-19 02:11:36,670 parso.python.diff DEBUG line_lengths old: 1; new: 1
2023-03-19 02:11:36,671 parso.python.diff DEBUG -> code[replace] old[1:1] new[1:1]
2023-03-19 02:11:36,671 parso.python.diff DEBUG parse_part from 1 to 1 (to 0 in part parser)
2023-03-19 02:11:36,671 parso.python.diff DEBUG diff parser end
2023-03-19 02:13:22,869 parso.python.diff DEBUG diff parser start
2023-03-19 02:13:22,870 parso.python.diff DEBUG line_lengths old: 1; new: 1
2023-03-19 02:13:22,870 parso.python.diff DEBUG -> code[replace] old[1:1] new[1:1]
2023-03-19 02:13:22,870 parso.python.diff DEBUG parse_part from 1 to 1 (to 0 in part parser)
2023-03-19 02:13:22,870 parso.python.diff DEBUG diff parser end
2023-03-19 02:13:48,191 parso.python.diff DEBUG diff parser start
2023-03-19 02:13:48,192 parso.python.diff DEBUG line_lengths old: 1; new: 1
2023-03-19 02:13:48,192 parso.python.diff DEBUG -> code[replace] old[1:1] new[1:1]
2023-03-19 02:13:48,192 parso.python.diff DEBUG parse_part from 1 to 1 (to 0 in part parser)
2023-03-19 02:13:48,192 parso.python.diff DEBUG diff parser end
2023-03-19 02:14:03,686 root INFO swallow copy
2023-03-19 02:14:04,895 root INFO deep copy
2023-03-19 02:19:36,925 parso.python.diff DEBUG diff parser start
2023-03-19 02:19:36,925 parso.python.diff DEBUG line_lengths old: 1; new: 1
2023-03-19 02:19:36,925 parso.python.diff DEBUG -> code[replace] old[1:1] new[1:1]
2023-03-19 02:19:36,926 parso.python.diff DEBUG parse_part from 1 to 1 (to 0 in part parser)
2023-03-19 02:19:36,926 parso.python.diff DEBUG diff parser end
2023-03-19 02:21:42,682 parso.python.diff DEBUG diff parser start
2023-03-19 02:21:42,682 parso.python.diff DEBUG line_lengths old: 1; new: 1
2023-03-19 02:21:42,682 parso.python.diff DEBUG -> code[replace] old[1:1] new[1:1]
2023-03-19 02:21:42,682 parso.python.diff DEBUG parse_part from 1 to 1 (to 0 in part parser)
2023-03-19 02:21:42,682 parso.python.diff DEBUG diff parser end
2023-03-19 02:21:45,601 parso.python.diff DEBUG diff parser start
2023-03-19 02:21:45,602 parso.python.diff DEBUG line_lengths old: 1; new: 1
2023-03-19 02:21:45,602 parso.python.diff DEBUG -> code[replace] old[1:1] new[1:1]
2023-03-19 02:21:45,602 parso.python.diff DEBUG parse_part from 1 to 1 (to 0 in part parser)
2023-03-19 02:21:45,602 parso.python.diff DEBUG diff parser end
2023-03-19 02:21:52,346 parso.python.diff DEBUG diff parser start
2023-03-19 02:21:52,347 parso.python.diff DEBUG line_lengths old: 1; new: 1
2023-03-19 02:21:52,347 parso.python.diff DEBUG -> code[replace] old[1:1] new[1:1]
2023-03-19 02:21:52,347 parso.python.diff DEBUG parse_part from 1 to 1 (to 0 in part parser)
2023-03-19 02:21:52,347 parso.python.diff DEBUG diff parser end
2023-03-19 02:23:49,601 parso.python.diff DEBUG diff parser start
2023-03-19 02:23:49,602 parso.python.diff DEBUG line_lengths old: 1; new: 2
2023-03-19 02:23:49,602 parso.python.diff DEBUG -> code[replace] old[1:1] new[1:2]
2023-03-19 02:23:49,603 parso.python.diff DEBUG parse_part from 1 to 2 (to 1 in part parser)
2023-03-19 02:23:49,603 parso.python.diff DEBUG diff parser end
2023-03-19 02:24:47,521 parso.python.diff DEBUG diff parser start
2023-03-19 02:24:47,522 parso.python.diff DEBUG line_lengths old: 2; new: 1
2023-03-19 02:24:47,522 parso.python.diff DEBUG -> code[replace] old[1:2] new[1:1]
2023-03-19 02:24:47,522 parso.python.diff DEBUG parse_part from 1 to 1 (to 0 in part parser)
2023-03-19 02:24:47,522 parso.python.diff DEBUG diff parser end
2023-03-19 02:25:18,731 parso.python.diff DEBUG diff parser start
2023-03-19 02:25:18,732 parso.python.diff DEBUG line_lengths old: 1; new: 1
2023-03-19 02:25:18,732 parso.python.diff DEBUG -> code[replace] old[1:1] new[1:1]
2023-03-19 02:25:18,732 parso.python.diff DEBUG parse_part from 1 to 1 (to 0 in part parser)
2023-03-19 02:25:18,732 parso.python.diff DEBUG diff parser end
2023-03-19 02:25:20,220 parso.python.diff DEBUG diff parser start
2023-03-19 02:25:20,220 parso.python.diff DEBUG line_lengths old: 1; new: 1
2023-03-19 02:25:20,220 parso.python.diff DEBUG -> code[replace] old[1:1] new[1:1]
2023-03-19 02:25:20,220 parso.python.diff DEBUG parse_part from 1 to 1 (to 0 in part parser)
2023-03-19 02:25:20,220 parso.python.diff DEBUG diff parser end
2023-03-19 02:25:21,561 parso.python.diff DEBUG diff parser start
2023-03-19 02:25:21,561 parso.python.diff DEBUG line_lengths old: 1; new: 1
2023-03-19 02:25:21,562 parso.python.diff DEBUG -> code[replace] old[1:1] new[1:1]
2023-03-19 02:25:21,562 parso.python.diff DEBUG parse_part from 1 to 1 (to 0 in part parser)
2023-03-19 02:25:21,562 parso.python.diff DEBUG diff parser end
2023-03-19 02:27:58,360 Comm ERROR No such comm target registered: jupyter.widget.control
2023-03-19 02:27:58,362 Comm WARNING No such comm: ad947bea-0c5d-432c-99e5-d62b80207347
2023-03-19 02:27:58,362 Comm DEBUG Current comms: []
2023-03-19 08:41:29,797 root INFO this is one dimensional array
2023-03-19 08:41:29,798 root INFO array is the super class of numpy
2023-03-19 08:41:30,337 root INFO this is two dimensional array
2023-03-19 08:41:30,995 root INFO btoh are generate array
2023-03-19 08:41:31,687 root INFO this is sub class not chanfge in as asarray becouse is already in array
2023-03-19 08:41:33,842 root INFO swallow copy
2023-03-19 08:41:35,818 root INFO deep copy
2023-03-19 08:44:30,418 parso.python.diff DEBUG diff parser start
2023-03-19 08:44:30,419 parso.python.diff DEBUG line_lengths old: 1; new: 4
2023-03-19 08:44:30,419 parso.python.diff DEBUG -> code[replace] old[1:1] new[1:4]
2023-03-19 08:44:30,420 parso.python.diff DEBUG parse_part from 1 to 4 (to 3 in part parser)
2023-03-19 08:44:30,420 parso.python.diff DEBUG diff parser end
2023-03-19 08:45:09,867 parso.python.diff DEBUG diff parser start
2023-03-19 08:45:09,868 parso.python.diff DEBUG line_lengths old: 4; new: 1
2023-03-19 08:45:09,868 parso.python.diff DEBUG -> code[replace] old[1:4] new[1:1]
2023-03-19 08:45:09,868 parso.python.diff DEBUG parse_part from 1 to 1 (to 0 in part parser)
2023-03-19 08:45:09,868 parso.python.diff DEBUG diff parser end
2023-03-19 08:46:04,882 parso.python.diff DEBUG diff parser start
2023-03-19 08:46:04,883 parso.python.diff DEBUG line_lengths old: 1; new: 1
2023-03-19 08:46:04,883 parso.python.diff DEBUG -> code[replace] old[1:1] new[1:1]
2023-03-19 08:46:04,884 parso.python.diff DEBUG parse_part from 1 to 1 (to 0 in part parser)
2023-03-19 08:46:04,884 parso.python.diff DEBUG diff parser end
2023-03-19 08:46:26,494 parso.python.diff DEBUG diff parser start
2023-03-19 08:46:26,494 parso.python.diff DEBUG line_lengths old: 1; new: 1
2023-03-19 08:46:26,494 parso.python.diff DEBUG -> code[replace] old[1:1] new[1:1]
2023-03-19 08:46:26,495 parso.python.diff DEBUG parse_part from 1 to 1 (to 0 in part parser)
2023-03-19 08:46:26,495 parso.python.diff DEBUG diff parser end
2023-03-19 08:47:06,552 root INFO size of array
2023-03-19 08:47:15,595 root INFO dimensional of array
2023-03-19 08:47:17,914 root INFO size of array
2023-03-19 08:47:19,304 root INFO row column
2023-03-19 08:48:48,683 root INFO dimensional of array
2023-03-19 08:49:04,587 root INFO dimensional of array
2023-03-19 08:50:05,644 root INFO dimensional of array
2023-03-19 08:50:18,392 root INFO size of array
2023-03-19 08:50:28,285 root INFO row column
2023-03-19 09:01:39,239 parso.python.diff DEBUG diff parser start
2023-03-19 09:01:39,240 parso.python.diff DEBUG line_lengths old: 1; new: 1
2023-03-19 09:01:39,240 parso.python.diff DEBUG -> code[replace] old[1:1] new[1:1]
2023-03-19 09:01:39,240 parso.python.diff DEBUG parse_part from 1 to 1 (to 0 in part parser)
2023-03-19 09:01:39,240 parso.python.diff DEBUG diff parser end
2023-03-19 09:02:12,111 parso.python.diff DEBUG diff parser start
2023-03-19 09:02:12,112 parso.python.diff DEBUG line_lengths old: 1; new: 1
2023-03-19 09:02:12,112 parso.python.diff DEBUG -> code[replace] old[1:1] new[1:1]
2023-03-19 09:02:12,112 parso.python.diff DEBUG parse_part from 1 to 1 (to 0 in part parser)
2023-03-19 09:02:12,112 parso.python.diff DEBUG diff parser end
2023-03-19 09:02:56,263 parso.python.diff DEBUG diff parser start
2023-03-19 09:02:56,264 parso.python.diff DEBUG line_lengths old: 1; new: 1
2023-03-19 09:02:56,264 parso.python.diff DEBUG -> code[replace] old[1:1] new[1:1]
2023-03-19 09:02:56,264 parso.python.diff DEBUG parse_part from 1 to 1 (to 0 in part parser)
2023-03-19 09:02:56,264 parso.python.diff DEBUG diff parser end
2023-03-19 09:03:01,443 parso.python.diff DEBUG diff parser start
2023-03-19 09:03:01,444 parso.python.diff DEBUG line_lengths old: 1; new: 1
2023-03-19 09:03:01,444 parso.python.diff DEBUG -> code[replace] old[1:1] new[1:1]
2023-03-19 09:03:01,444 parso.python.diff DEBUG parse_part from 1 to 1 (to 0 in part parser)
2023-03-19 09:03:01,444 parso.python.diff DEBUG diff parser end
2023-03-19 09:03:04,089 parso.python.diff DEBUG diff parser start
2023-03-19 09:03:04,089 parso.python.diff DEBUG line_lengths old: 1; new: 1
2023-03-19 09:03:04,090 parso.python.diff DEBUG -> code[replace] old[1:1] new[1:1]
2023-03-19 09:03:04,090 parso.python.diff DEBUG parse_part from 1 to 1 (to 0 in part parser)
2023-03-19 09:03:04,090 parso.python.diff DEBUG diff parser end
2023-03-19 09:06:04,786 parso.python.diff DEBUG diff parser start
2023-03-19 09:06:04,787 parso.python.diff DEBUG line_lengths old: 1; new: 1
2023-03-19 09:06:04,787 parso.python.diff DEBUG -> code[replace] old[1:1] new[1:1]
2023-03-19 09:06:04,787 parso.python.diff DEBUG parse_part from 1 to 1 (to 0 in part parser)
2023-03-19 09:06:04,788 parso.python.diff DEBUG diff parser end
2023-03-19 09:08:07,982 parso.python.diff DEBUG diff parser start
2023-03-19 09:08:07,983 parso.python.diff DEBUG line_lengths old: 1; new: 3
2023-03-19 09:08:07,983 parso.python.diff DEBUG -> code[replace] old[1:1] new[1:3]
2023-03-19 09:08:07,983 parso.python.diff DEBUG parse_part from 1 to 3 (to 2 in part parser)
2023-03-19 09:08:07,983 parso.python.diff DEBUG diff parser end
2023-03-19 09:10:43,544 parso.python.diff DEBUG diff parser start
2023-03-19 09:10:43,544 parso.python.diff DEBUG line_lengths old: 3; new: 1
2023-03-19 09:10:43,544 parso.python.diff DEBUG -> code[replace] old[1:3] new[1:1]
2023-03-19 09:10:43,544 parso.python.diff DEBUG parse_part from 1 to 1 (to 0 in part parser)
2023-03-19 09:10:43,544 parso.python.diff DEBUG diff parser end
2023-03-19 09:11:09,217 parso.python.diff DEBUG diff parser start
2023-03-19 09:11:09,217 parso.python.diff DEBUG line_lengths old: 1; new: 1
2023-03-19 09:11:09,217 parso.python.diff DEBUG -> code[replace] old[1:1] new[1:1]
2023-03-19 09:11:09,218 parso.python.diff DEBUG parse_part from 1 to 1 (to 0 in part parser)
2023-03-19 09:11:09,218 parso.python.diff DEBUG diff parser end
2023-03-19 09:12:17,110 parso.python.diff DEBUG diff parser start
2023-03-19 09:12:17,111 parso.python.diff DEBUG line_lengths old: 1; new: 1
2023-03-19 09:12:17,111 parso.python.diff DEBUG -> code[replace] old[1:1] new[1:1]
2023-03-19 09:12:17,111 parso.python.diff DEBUG parse_part from 1 to 1 (to 0 in part parser)
2023-03-19 09:12:17,111 parso.python.diff DEBUG diff parser end
2023-03-19 09:13:11,214 parso.python.diff DEBUG diff parser start
2023-03-19 09:13:11,215 parso.python.diff DEBUG line_lengths old: 1; new: 1
2023-03-19 09:13:11,215 parso.python.diff DEBUG -> code[replace] old[1:1] new[1:1]
2023-03-19 09:13:11,215 parso.python.diff DEBUG parse_part from 1 to 1 (to 0 in part parser)
2023-03-19 09:13:11,215 parso.python.diff DEBUG diff parser end
2023-03-19 09:14:27,100 parso.python.diff DEBUG diff parser start
2023-03-19 09:14:27,101 parso.python.diff DEBUG line_lengths old: 1; new: 1
2023-03-19 09:14:27,101 parso.python.diff DEBUG -> code[replace] old[1:1] new[1:1]
2023-03-19 09:14:27,101 parso.python.diff DEBUG parse_part from 1 to 1 (to 0 in part parser)
2023-03-19 09:14:27,101 parso.python.diff DEBUG diff parser end
2023-03-19 09:15:37,487 parso.python.diff DEBUG diff parser start
2023-03-19 09:15:37,488 parso.python.diff DEBUG line_lengths old: 1; new: 1
2023-03-19 09:15:37,488 parso.python.diff DEBUG -> code[replace] old[1:1] new[1:1]
2023-03-19 09:15:37,488 parso.python.diff DEBUG parse_part from 1 to 1 (to 0 in part parser)
2023-03-19 09:15:37,488 parso.python.diff DEBUG diff parser end
2023-03-19 09:20:12,896 parso.python.diff DEBUG diff parser start
2023-03-19 09:20:12,896 parso.python.diff DEBUG line_lengths old: 1; new: 2
2023-03-19 09:20:12,896 parso.python.diff DEBUG -> code[replace] old[1:1] new[1:2]
2023-03-19 09:20:12,897 parso.python.diff DEBUG parse_part from 1 to 2 (to 1 in part parser)
2023-03-19 09:20:12,897 parso.python.diff DEBUG diff parser end
2023-03-19 09:20:15,816 parso.python.diff DEBUG diff parser start
2023-03-19 09:20:15,816 parso.python.diff DEBUG line_lengths old: 2; new: 2
2023-03-19 09:20:15,817 parso.python.diff DEBUG -> code[equal] old[1:1] new[1:1]
2023-03-19 09:20:15,817 parso.python.diff DEBUG copy old[1:1] new[1:1]
2023-03-19 09:20:15,817 parso.python.diff DEBUG -> code[replace] old[2:2] new[2:2]
2023-03-19 09:20:15,817 parso.python.diff DEBUG parse_part from 2 to 2 (to 1 in part parser)
2023-03-19 09:20:15,817 parso.python.diff DEBUG diff parser end
2023-03-19 09:20:19,056 numexpr.utils INFO Note: NumExpr detected 64 cores but "NUMEXPR_MAX_THREADS" not set, so enforcing safe limit of 8.
2023-03-19 09:20:19,057 numexpr.utils INFO NumExpr defaulting to 8 threads.
2023-03-19 09:24:05,095 parso.python.diff DEBUG diff parser start
2023-03-19 09:24:05,095 parso.python.diff DEBUG line_lengths old: 2; new: 1
2023-03-19 09:24:05,095 parso.python.diff DEBUG -> code[replace] old[1:2] new[1:1]
2023-03-19 09:24:05,096 parso.python.diff DEBUG parse_part from 1 to 1 (to 0 in part parser)
2023-03-19 09:24:05,096 parso.python.diff DEBUG diff parser end
2023-03-19 09:28:48,143 parso.python.diff DEBUG diff parser start
2023-03-19 09:28:48,144 parso.python.diff DEBUG line_lengths old: 1; new: 1
2023-03-19 09:28:48,144 parso.python.diff DEBUG -> code[replace] old[1:1] new[1:1]
2023-03-19 09:28:48,145 parso.python.diff DEBUG parse_part from 1 to 1 (to 0 in part parser)
2023-03-19 09:28:48,145 parso.python.diff DEBUG diff parser end
2023-03-19 09:31:08,716 parso.python.diff DEBUG diff parser start
2023-03-19 09:31:08,716 parso.python.diff DEBUG line_lengths old: 1; new: 1
2023-03-19 09:31:08,716 parso.python.diff DEBUG -> code[replace] old[1:1] new[1:1]
2023-03-19 09:31:08,717 parso.python.diff DEBUG parse_part from 1 to 1 (to 0 in part parser)
2023-03-19 09:31:08,717 parso.python.diff DEBUG diff parser end
2023-03-19 10:01:17,207 Comm ERROR No such comm target registered: jupyter.widget.control
2023-03-19 10:01:17,210 Comm WARNING No such comm: 165b255b-0c11-41bf-b0dd-e8a375f57b99
2023-03-19 10:01:17,210 Comm DEBUG Current comms: []
2023-03-19 10:03:52,209 parso.python.diff DEBUG diff parser start
2023-03-19 10:03:52,211 parso.python.diff DEBUG line_lengths old: 1; new: 1
2023-03-19 10:03:52,211 parso.python.diff DEBUG -> code[replace] old[1:1] new[1:1]
2023-03-19 10:03:52,211 parso.python.diff DEBUG parse_part from 1 to 1 (to 0 in part parser)
2023-03-19 10:03:52,211 parso.python.diff DEBUG diff parser end
2023-03-19 10:11:08,650 root INFO numpy in brodcasting
2023-03-19 10:14:43,393 parso.python.diff DEBUG diff parser start
2023-03-19 10:14:43,393 parso.python.diff DEBUG line_lengths old: 1; new: 1
2023-03-19 10:14:43,393 parso.python.diff DEBUG -> code[replace] old[1:1] new[1:1]
2023-03-19 10:14:43,394 parso.python.diff DEBUG parse_part from 1 to 1 (to 0 in part parser)
2023-03-19 10:14:43,394 parso.python.diff DEBUG diff parser end
2023-03-19 10:15:00,970 parso.python.diff DEBUG diff parser start
2023-03-19 10:15:00,970 parso.python.diff DEBUG line_lengths old: 1; new: 1
2023-03-19 10:15:00,970 parso.python.diff DEBUG -> code[replace] old[1:1] new[1:1]
2023-03-19 10:15:00,971 parso.python.diff DEBUG parse_part from 1 to 1 (to 0 in part parser)
2023-03-19 10:15:00,971 parso.python.diff DEBUG diff parser end
2023-03-19 10:15:18,430 parso.python.diff DEBUG diff parser start
2023-03-19 10:15:18,430 parso.python.diff DEBUG line_lengths old: 1; new: 1
2023-03-19 10:15:18,430 parso.python.diff DEBUG -> code[replace] old[1:1] new[1:1]
2023-03-19 10:15:18,430 parso.python.diff DEBUG parse_part from 1 to 1 (to 0 in part parser)
2023-03-19 10:15:18,430 parso.python.diff DEBUG diff parser end
2023-03-19 10:15:38,690 parso.python.diff DEBUG diff parser start
2023-03-19 10:15:38,690 parso.python.diff DEBUG line_lengths old: 1; new: 1
2023-03-19 10:15:38,690 parso.python.diff DEBUG -> code[replace] old[1:1] new[1:1]
2023-03-19 10:15:38,691 parso.python.diff DEBUG parse_part from 1 to 1 (to 0 in part parser)
2023-03-19 10:15:38,691 parso.python.diff DEBUG diff parser end
2023-03-19 10:15:44,693 parso.python.diff DEBUG diff parser start
2023-03-19 10:15:44,694 parso.python.diff DEBUG line_lengths old: 1; new: 1
2023-03-19 10:15:44,694 parso.python.diff DEBUG -> code[replace] old[1:1] new[1:1]
2023-03-19 10:15:44,694 parso.python.diff DEBUG parse_part from 1 to 1 (to 0 in part parser)
2023-03-19 10:15:44,694 parso.python.diff DEBUG diff parser end
2023-03-19 10:17:15,407 root INFO this is one dimensional array
2023-03-19 10:17:15,408 root INFO array is the super class of numpy
2023-03-19 10:17:15,863 root INFO this is two dimensional array
2023-03-19 10:17:18,910 root INFO btoh are generate array
